[INFO ] 2021-05-19 15:44:13.832 [main] Test_HW2 - opening website
[INFO ] 2021-05-19 15:44:15.954 [main] Test_HW2 - Register Tests
[DEBUG] 2021-05-19 15:44:16.189 [main] Test_HW2 - Moving to register page
[DEBUG] 2021-05-19 15:44:16.982 [main] Test_HW2 - Register URL: http://tutorialsninja.com/demo/index.php?route=account/register
[DEBUG] 2021-05-19 15:44:16.983 [main] Test_HW2 - Test Type: No First Name
[DEBUG] 2021-05-19 15:44:16.983 [main] Test_HW2 - Last Name: kapara
[DEBUG] 2021-05-19 15:44:17.059 [main] Test_HW2 - Email: 532432412@2312.com
[DEBUG] 2021-05-19 15:44:17.145 [main] Test_HW2 - Phone Number: 1.233211231E9
[DEBUG] 2021-05-19 15:44:17.243 [main] Test_HW2 - Password: 1234
[DEBUG] 2021-05-19 15:44:17.318 [main] Test_HW2 - Password Confirmation: 1234
[DEBUG] 2021-05-19 15:44:18.102 [main] Test_HW2 - No First Name has passed!!! - User failed to register with invalid fields!!
[DEBUG] 2021-05-19 15:44:18.103 [main] Test_HW2 - Test Type: No Last Name
[DEBUG] 2021-05-19 15:44:18.103 [main] Test_HW2 - First Name: nisim
[DEBUG] 2021-05-19 15:44:18.184 [main] Test_HW2 - Email: 532432412@2312.com
[DEBUG] 2021-05-19 15:44:18.278 [main] Test_HW2 - Phone Number: 1.233211231E9
[DEBUG] 2021-05-19 15:44:18.384 [main] Test_HW2 - Password: 1234
[DEBUG] 2021-05-19 15:44:18.459 [main] Test_HW2 - Password Confirmation: 1234
[DEBUG] 2021-05-19 15:44:19.237 [main] Test_HW2 - No Last Name has passed!!! - User failed to register with invalid fields!!
[DEBUG] 2021-05-19 15:44:19.237 [main] Test_HW2 - Test Type: No Email
[DEBUG] 2021-05-19 15:44:19.237 [main] Test_HW2 - First Name: nisim
[DEBUG] 2021-05-19 15:44:19.307 [main] Test_HW2 - Last Name: kapara
[DEBUG] 2021-05-19 15:44:19.389 [main] Test_HW2 - Phone Number: 1.233211231E9
[DEBUG] 2021-05-19 15:44:19.477 [main] Test_HW2 - Password: 1234
[DEBUG] 2021-05-19 15:44:19.547 [main] Test_HW2 - Password Confirmation: 1234
[DEBUG] 2021-05-19 15:44:20.308 [main] Test_HW2 - No Email has passed!!! - User failed to register with invalid fields!!
[DEBUG] 2021-05-19 15:44:20.308 [main] Test_HW2 - Test Type: No Phone Number
[DEBUG] 2021-05-19 15:44:20.308 [main] Test_HW2 - First Name: nisim
[DEBUG] 2021-05-19 15:44:20.377 [main] Test_HW2 - Last Name: kapara
[DEBUG] 2021-05-19 15:44:20.453 [main] Test_HW2 - Email: 532432412@2312.com
[DEBUG] 2021-05-19 15:44:20.552 [main] Test_HW2 - Password: 1234
[DEBUG] 2021-05-19 15:44:20.629 [main] Test_HW2 - Password Confirmation: 1234
[DEBUG] 2021-05-19 15:44:21.436 [main] Test_HW2 - No Phone Number has passed!!! - User failed to register with invalid fields!!
[DEBUG] 2021-05-19 15:44:21.436 [main] Test_HW2 - Test Type: No Password
[DEBUG] 2021-05-19 15:44:21.436 [main] Test_HW2 - First Name: nisim
[DEBUG] 2021-05-19 15:44:21.512 [main] Test_HW2 - Last Name: kapara
[DEBUG] 2021-05-19 15:44:21.587 [main] Test_HW2 - Email: 532432412@2312.com
[DEBUG] 2021-05-19 15:44:21.680 [main] Test_HW2 - Phone Number: 1.233211231E9
[DEBUG] 2021-05-19 15:44:21.766 [main] Test_HW2 - Password Confirmation: 1234
[DEBUG] 2021-05-19 15:44:22.589 [main] Test_HW2 - No Password has passed!!! - User failed to register with invalid fields!!
[DEBUG] 2021-05-19 15:44:22.589 [main] Test_HW2 - Test Type: No Confirmed Password
[DEBUG] 2021-05-19 15:44:22.589 [main] Test_HW2 - First Name: nisim
[DEBUG] 2021-05-19 15:44:22.665 [main] Test_HW2 - Last Name: kapara
[DEBUG] 2021-05-19 15:44:22.747 [main] Test_HW2 - Email: 532432412@2312.com
[DEBUG] 2021-05-19 15:44:22.844 [main] Test_HW2 - Phone Number: 1.233211231E9
[DEBUG] 2021-05-19 15:44:22.934 [main] Test_HW2 - Password: 1234
[DEBUG] 2021-05-19 15:44:23.736 [main] Test_HW2 - No Confirmed Password has passed!!! - User failed to register with invalid fields!!
[DEBUG] 2021-05-19 15:44:23.736 [main] Test_HW2 - Test Type: Different Passwords
[DEBUG] 2021-05-19 15:44:23.736 [main] Test_HW2 - First Name: nisim
[DEBUG] 2021-05-19 15:44:23.808 [main] Test_HW2 - Last Name: kapara
[DEBUG] 2021-05-19 15:44:23.884 [main] Test_HW2 - Email: 532432412@2312.com
[DEBUG] 2021-05-19 15:44:23.979 [main] Test_HW2 - Phone Number: 1.233211231E9
[DEBUG] 2021-05-19 15:44:24.065 [main] Test_HW2 - Password: 1234
[DEBUG] 2021-05-19 15:44:24.143 [main] Test_HW2 - Password Confirmation: 12345
[DEBUG] 2021-05-19 15:44:24.945 [main] Test_HW2 - Different Passwords has passed!!! - User failed to register with invalid fields!!
[DEBUG] 2021-05-19 15:44:24.945 [main] Test_HW2 - Test Type: Invalid Phone Number
[DEBUG] 2021-05-19 15:44:24.945 [main] Test_HW2 - First Name: nisim
[DEBUG] 2021-05-19 15:44:25.029 [main] Test_HW2 - Last Name: kapara
[DEBUG] 2021-05-19 15:44:25.102 [main] Test_HW2 - Email: 532432412@2312.com
[DEBUG] 2021-05-19 15:44:25.202 [main] Test_HW2 - Phone Number: shalom
[DEBUG] 2021-05-19 15:44:25.277 [main] Test_HW2 - Password: 1234
[DEBUG] 2021-05-19 15:44:25.351 [main] Test_HW2 - Password Confirmation: 1234
[ERROR] 2021-05-19 15:44:26.336 [main] Test_HW2 - Invalid Phone Number has failed!!!  - User managed to register with invalid fields!!
[DEBUG] 2021-05-19 15:44:26.336 [main] Test_HW2 - Moving to register page
[DEBUG] 2021-05-19 15:44:27.196 [main] Test_HW2 - Test Type: Existing Email
[DEBUG] 2021-05-19 15:44:27.196 [main] Test_HW2 - First Name: nisim
[DEBUG] 2021-05-19 15:44:27.282 [main] Test_HW2 - Last Name: kapara
[DEBUG] 2021-05-19 15:44:27.357 [main] Test_HW2 - Email: cvbsdv@makorde.com
[DEBUG] 2021-05-19 15:44:27.453 [main] Test_HW2 - Phone Number: 1.233211231E9
[DEBUG] 2021-05-19 15:44:27.537 [main] Test_HW2 - Password: 1234
[DEBUG] 2021-05-19 15:44:27.609 [main] Test_HW2 - Password Confirmation: 1234
[DEBUG] 2021-05-19 15:44:28.446 [main] Test_HW2 - Existing Email has passed!!! - User failed to register with invalid fields!!
[DEBUG] 2021-05-19 15:44:28.446 [main] Test_HW2 - Test Type: Invalid Email
[DEBUG] 2021-05-19 15:44:28.446 [main] Test_HW2 - First Name: nisim
[DEBUG] 2021-05-19 15:44:28.530 [main] Test_HW2 - Last Name: kapara
[DEBUG] 2021-05-19 15:44:28.606 [main] Test_HW2 - Email: Yosi
[DEBUG] 2021-05-19 15:44:28.687 [main] Test_HW2 - Phone Number: 1.233211231E9
[DEBUG] 2021-05-19 15:44:28.771 [main] Test_HW2 - Password: 1234
[DEBUG] 2021-05-19 15:44:28.853 [main] Test_HW2 - Password Confirmation: 1234
[DEBUG] 2021-05-19 15:44:29.401 [main] Test_HW2 - Invalid Email has passed!!! - User failed to register with invalid fields!!
[DEBUG] 2021-05-19 15:44:29.401 [main] Test_HW2 - Test Type: Invalid Password
[DEBUG] 2021-05-19 15:44:29.401 [main] Test_HW2 - First Name: nisim
[DEBUG] 2021-05-19 15:44:29.468 [main] Test_HW2 - Last Name: kapara
[DEBUG] 2021-05-19 15:44:29.543 [main] Test_HW2 - Email: 1242134512@2312.com
[DEBUG] 2021-05-19 15:44:29.626 [main] Test_HW2 - Phone Number: 1.233211231E9
[DEBUG] 2021-05-19 15:44:29.714 [main] Test_HW2 - Password: 1
[DEBUG] 2021-05-19 15:44:29.772 [main] Test_HW2 - Password Confirmation: 1
[DEBUG] 2021-05-19 15:44:30.548 [main] Test_HW2 - Invalid Password has passed!!! - User failed to register with invalid fields!!
[DEBUG] 2021-05-19 15:44:30.549 [main] Test_HW2 - Test Type: User Creation Success
[DEBUG] 2021-05-19 15:44:30.549 [main] Test_HW2 - First Name: nisim
[DEBUG] 2021-05-19 15:44:30.634 [main] Test_HW2 - Last Name: kapara
[DEBUG] 2021-05-19 15:44:30.713 [main] Test_HW2 - Email: 1242134512@2312.com
[DEBUG] 2021-05-19 15:44:30.815 [main] Test_HW2 - Phone Number: 1.233211231E9
[DEBUG] 2021-05-19 15:44:30.904 [main] Test_HW2 - Password: 1234
[DEBUG] 2021-05-19 15:44:30.975 [main] Test_HW2 - Password Confirmation: 1234
[DEBUG] 2021-05-19 15:44:31.944 [main] Test_HW2 - User Creation Success has passed!!! - User registered with valid fields!!
[INFO ] 2021-05-19 15:44:31.944 [main] Test_HW2 - Login Tests
[DEBUG] 2021-05-19 15:44:32.514 [main] Test_HW2 - Moving to login page
[DEBUG] 2021-05-19 15:44:32.918 [main] Test_HW2 - Login URL: http://tutorialsninja.com/demo/index.php?route=account/login
[DEBUG] 2021-05-19 15:44:32.918 [main] Test_HW2 - Test Type: No Email
[DEBUG] 2021-05-19 15:44:32.918 [main] Test_HW2 - Password: 1234
[DEBUG] 2021-05-19 15:44:33.604 [main] Test_HW2 - No Email has passed!!! - User failed to login with invalid fields!!
[DEBUG] 2021-05-19 15:44:33.604 [main] Test_HW2 - Test Type: No Password
[DEBUG] 2021-05-19 15:44:33.604 [main] Test_HW2 - Email: cvbsdv@makorde.com
[DEBUG] 2021-05-19 15:44:34.320 [main] Test_HW2 - No Password has passed!!! - User failed to login with invalid fields!!
[DEBUG] 2021-05-19 15:44:34.320 [main] Test_HW2 - Test Type: No matching password
[DEBUG] 2021-05-19 15:44:34.320 [main] Test_HW2 - Email: cvbsdv@makorde.com
[DEBUG] 2021-05-19 15:44:34.421 [main] Test_HW2 - Password: 156441
[DEBUG] 2021-05-19 15:44:35.132 [main] Test_HW2 - No matching password has passed!!! - User failed to login with invalid fields!!
[DEBUG] 2021-05-19 15:44:35.132 [main] Test_HW2 - Test Type: Invalid Email
[DEBUG] 2021-05-19 15:44:35.132 [main] Test_HW2 - Email: Moshe
[DEBUG] 2021-05-19 15:44:35.208 [main] Test_HW2 - Password: 1234
[DEBUG] 2021-05-19 15:44:35.930 [main] Test_HW2 - Invalid Email has passed!!! - User failed to login with invalid fields!!
[DEBUG] 2021-05-19 15:44:35.930 [main] Test_HW2 - Test Type: No existing email
[DEBUG] 2021-05-19 15:44:35.930 [main] Test_HW2 - Email: opjgtoihre@makorde.com
[DEBUG] 2021-05-19 15:44:36.028 [main] Test_HW2 - Password: 1234
[DEBUG] 2021-05-19 15:44:36.754 [main] Test_HW2 - No existing email has passed!!! - User failed to login with invalid fields!!
[DEBUG] 2021-05-19 15:44:36.755 [main] Test_HW2 - Test Type: User login Success
[DEBUG] 2021-05-19 15:44:36.755 [main] Test_HW2 - Email: cvbsdv@makorde.com
[DEBUG] 2021-05-19 15:44:36.852 [main] Test_HW2 - Password: 1234
[DEBUG] 2021-05-19 15:44:37.736 [main] Test_HW2 - User login Success has passed!!! - User login with valid fields!!
[INFO ] 2021-05-19 15:44:37.736 [main] Test_HW2 - Shopping Cart Tests
[DEBUG] 2021-05-19 15:44:37.736 [main] Test_HW2 - Test Type: Adding item without filling required fields
[DEBUG] 2021-05-19 15:44:40.616 [main] Test_HW2 - Test Type: Adding item without filling required fields - Pass!! - Missing fields item was not added to shopping cart
[DEBUG] 2021-05-19 15:44:40.616 [main] Test_HW2 - Test Type: Adding item that out of stock
[DEBUG] 2021-05-19 15:44:41.531 [main] Test_HW2 - Test Type:Adding item that out of stock - Pass!! - Out of stock item was not added to shopping cart
[DEBUG] 2021-05-19 15:44:41.586 [main] Test_HW2 - Test Type: Adding item to shopping cart
[DEBUG] 2021-05-19 15:44:43.204 [main] Test_HW2 - Test Type: Adding item to shopping cart - Pass!! - Item added to shopping cart
[DEBUG] 2021-05-19 15:44:43.204 [main] Test_HW2 - Test Type: Adding item to shopping cart that already exists in the shopping cart
[DEBUG] 2021-05-19 15:44:44.239 [main] Test_HW2 - Test Type: Adding item to shopping cart that already exists in the shopping cart - Pass!! - Quantity of item raised by 1 in shopping cart
[INFO ] 2021-05-19 15:44:44.308 [main] Test_HW2 - Item Search Tests
[DEBUG] 2021-05-19 15:44:44.311 [main] Test_HW2 - Moving to home page
[DEBUG] 2021-05-19 15:44:44.698 [main] Test_HW2 - Test Type: Input exists in an item, without clicking on the search button
[DEBUG] 2021-05-19 15:44:44.698 [main] Test_HW2 - Search Text: Mac
[DEBUG] 2021-05-19 15:44:44.786 [main] Test_HW2 - Input exists in an item, without clicking on the search button has passed!!! - Stayed at home page and no item was found!!
[DEBUG] 2021-05-19 15:44:44.786 [main] Test_HW2 - Moving to home page
[DEBUG] 2021-05-19 15:44:45.090 [main] Test_HW2 - Test Type: Input does not exist in an item, with clicking on the search button
[DEBUG] 2021-05-19 15:44:45.090 [main] Test_HW2 - Search Text: yese
[DEBUG] 2021-05-19 15:44:45.554 [main] Test_HW2 - Input does not exist in an item, with clicking on the search button has passed!!! - No item was found!!
[DEBUG] 2021-05-19 15:44:45.554 [main] Test_HW2 - Moving to home page
[DEBUG] 2021-05-19 15:44:45.880 [main] Test_HW2 - Test Type: Input exists in an item, with clicking on the search button
[DEBUG] 2021-05-19 15:44:45.880 [main] Test_HW2 - Search Text: Mac
[DEBUG] 2021-05-19 15:44:46.714 [main] Test_HW2 - Input exists in an item, with clicking on the search button has passed!!! - An item matching the search text was found: iMac
[INFO ] 2021-05-19 15:44:46.714 [main] Test_HW2 - Wishlist Tests
[INFO ] 2021-05-19 15:44:47.293 [main] Test_HW2 - Wishlist Tests
[DEBUG] 2021-05-19 15:44:47.294 [main] Test_HW2 - Test Type: Adding item to wishlist while not connected
[DEBUG] 2021-05-19 15:44:48.285 [main] Test_HW2 - Test Type: Adding item to wishlist while not connected - Failed!! - Item was added to wishlist while not connected
[DEBUG] 2021-05-19 15:44:48.285 [main] Test_HW2 - Login to the system to perform the rest of wishlist tests
[DEBUG] 2021-05-19 15:44:49.244 [main] Test_HW2 - Test Type: Adding item to wishlist while connected
[DEBUG] 2021-05-19 15:44:50.093 [main] Test_HW2 - Test Type: Adding item to wishlist while connected - Pass!! - Item was added to wishlist
[DEBUG] 2021-05-19 15:44:50.093 [main] Test_HW2 - Test Type: Adding item to wishlist That existing in the wishlist
[DEBUG] 2021-05-19 15:44:50.510 [main] Test_HW2 - Test Type: Adding item to wishlist That existing in the wishlist - Pass!! - Item was not added to wishlist, as it was already there
[INFO ] 2021-05-19 15:44:50.510 [main] Test_HW2 - Quantity Tests
[DEBUG] 2021-05-19 15:44:50.510 [main] Test_HW2 - Test Type: Adding invalid quantity of items
[DEBUG] 2021-05-19 15:44:52.016 [main] Test_HW2 - Test Type: Adding invalid quantity of items - Pass!! - Did not add items of invalid quantity to shopping cart
[DEBUG] 2021-05-19 15:44:52.017 [main] Test_HW2 - Test Type: Adding valid quantity of items
[DEBUG] 2021-05-19 15:44:53.369 [main] Test_HW2 - Test Type: Adding valid quantity of items - Pass!! - Added items of valid quantity to shopping cart
[DEBUG] 2021-05-19 15:44:53.369 [main] Test_HW2 - Test Type: Adding valid quantity of items but greater then the current stock
[DEBUG] 2021-05-19 15:44:54.452 [main] Test_HW2 - Test Type:Adding valid quantity of items but greater then the current stock - Pass!! - Adds items to shopping cart with warning of unavailable quantity
[INFO ] 2021-05-19 15:44:54.957 [main] Test_HW2 - Currency Tests
[DEBUG] 2021-05-19 15:44:55.880 [main] Test_HW2 - Test Type: Change currency to Euro
[DEBUG] 2021-05-19 15:44:56.541 [main] Test_HW2 - Test Type: Change currency to Euro - Pass!! - Price shown in correct currency
[DEBUG] 2021-05-19 15:44:56.542 [main] Test_HW2 - Test Type: Change currency to Pound
[DEBUG] 2021-05-19 15:44:57.181 [main] Test_HW2 - Test Type: Change currency to Pound - Pass!! - Price shown in correct currency
[DEBUG] 2021-05-19 15:44:57.182 [main] Test_HW2 - Test Type: Change currency to US
[DEBUG] 2021-05-19 15:44:57.816 [main] Test_HW2 - Test Type: Change currency to US - Pass!! - Price shown in correct currency
